#
# There is insufficient memory for the Java Runtime Environment to continue.
# Native memory allocation (malloc) failed to allocate 350896 bytes for Chunk::new
# Possible reasons:
#   The system is out of physical RAM or swap space
#   The process is running with CompressedOops enabled, and the Java Heap may be blocking the growth of the native heap
# Possible solutions:
#   Reduce memory load on the system
#   Increase physical memory or swap space
#   Check if swap backing store is full
#   Decrease Java heap size (-Xmx/-Xms)
#   Decrease number of Java threads
#   Decrease Java thread stack sizes (-Xss)
#   Set larger code cache with -XX:ReservedCodeCacheSize=
#   JVM is running with Unscaled Compressed Oops mode in which the Java heap is
#     placed in the first 4GB address space. The Java Heap base address is the
#     maximum limit for the native heap growth. Please use -XX:HeapBaseMinAddress
#     to set the Java Heap base and to place the Java Heap above 4GB virtual address.
# This output file may be truncated or incomplete.
#
#  Out of Memory Error (./open/src/hotspot/share/memory/arena.cpp:195), pid=20664, tid=9956
#
# JRE version: OpenJDK Runtime Environment (15.0.2+7) (build 15.0.2+7-27)
# Java VM: OpenJDK 64-Bit Server VM (15.0.2+7-27, mixed mode, tiered, compressed oops, g1 gc, windows-amd64)
# No core dump will be written. Minidumps are not enabled by default on client versions of Windows
#

---------------  S U M M A R Y ------------

Command Line: -Dfile.encoding=Cp1252 --module-path=E:\Downloads\mysql-connector-java-8.0.23\mysql-connector-java-8.0.23.jar -XX:+ShowCodeDetailsInExceptionMessages com.latihansql.main

Host: Intel(R) Core(TM) i5-7200U CPU @ 2.50GHz, 4 cores, 7G,  Windows 10 , 64 bit Build 19041 (10.0.19041.804)
Time: Fri Mar 19 19:10:47 2021 SE Asia Standard Time elapsed time: 0.773316 seconds (0d 0h 0m 0s)

---------------  T H R E A D  ---------------

Current thread (0x000002864bb41390):  JavaThread "C2 CompilerThread0" daemon [_thread_in_native, id=9956, stack(0x000000c582e00000,0x000000c582f00000)]


Current CompileTask:
C2:    773  758       4       java.util.HashMap::putVal (300 bytes)

Stack: [0x000000c582e00000,0x000000c582f00000]
Native frames: (J=compiled Java code, j=interpreted, Vv=VM code, C=native code)
V  [jvm.dll+0x62ae9a]
V  [jvm.dll+0x7817a9]
V  [jvm.dll+0x782f03]
V  [jvm.dll+0x783563]
V  [jvm.dll+0x216325]
V  [jvm.dll+0x97f3a]
V  [jvm.dll+0x9861c]
V  [jvm.dll+0x32e2a8]
V  [jvm.dll+0x2f768a]
V  [jvm.dll+0x2f6a4a]
V  [jvm.dll+0x1ea705]
V  [jvm.dll+0x1e996e]
V  [jvm.dll+0x178567]
V  [jvm.dll+0x1f9225]
V  [jvm.dll+0x1f72cc]
V  [jvm.dll+0x74495d]
V  [jvm.dll+0x73d75a]
V  [jvm.dll+0x629c56]
C  [ucrtbase.dll+0x21bb2]
C  [KERNEL32.DLL+0x17034]
C  [ntdll.dll+0x4d241]


---------------  P R O C E S S  ---------------

Threads class SMR info:
_java_thread_list=0x000002864c3f07e0, length=13, elements={
0x000002862f961140, 0x000002864b30d010, 0x000002864b30e170, 0x000002864bb320c0,
0x000002864bb35130, 0x000002864bb3b010, 0x000002864bb41390, 0x000002864bb42d80,
0x000002864bb50610, 0x000002864bb39330, 0x000002864bb38e60, 0x000002864bb3b4e0,
0x000002864c0ccf70
}

Java Threads: ( => current thread )
  0x000002862f961140 JavaThread "main" [_thread_blocked, id=10924, stack(0x000000c582200000,0x000000c582300000)]
  0x000002864b30d010 JavaThread "Reference Handler" daemon [_thread_blocked, id=21156, stack(0x000000c582900000,0x000000c582a00000)]
  0x000002864b30e170 JavaThread "Finalizer" daemon [_thread_blocked, id=10124, stack(0x000000c582a00000,0x000000c582b00000)]
  0x000002864bb320c0 JavaThread "Signal Dispatcher" daemon [_thread_blocked, id=21488, stack(0x000000c582b00000,0x000000c582c00000)]
  0x000002864bb35130 JavaThread "Attach Listener" daemon [_thread_blocked, id=19576, stack(0x000000c582c00000,0x000000c582d00000)]
  0x000002864bb3b010 JavaThread "Service Thread" daemon [_thread_blocked, id=20804, stack(0x000000c582d00000,0x000000c582e00000)]
=>0x000002864bb41390 JavaThread "C2 CompilerThread0" daemon [_thread_in_native, id=9956, stack(0x000000c582e00000,0x000000c582f00000)]
  0x000002864bb42d80 JavaThread "C1 CompilerThread0" daemon [_thread_blocked, id=4984, stack(0x000000c582f00000,0x000000c583000000)]
  0x000002864bb50610 JavaThread "Sweeper thread" daemon [_thread_blocked, id=20052, stack(0x000000c583000000,0x000000c583100000)]
  0x000002864bb39330 JavaThread "Common-Cleaner" daemon [_thread_blocked, id=21168, stack(0x000000c583100000,0x000000c583200000)]
  0x000002864bb38e60 JavaThread "Notification Thread" daemon [_thread_blocked, id=16464, stack(0x000000c583300000,0x000000c583400000)]
  0x000002864bb3b4e0 JavaThread "mysql-cj-abandoned-connection-cleanup" daemon [_thread_blocked, id=1956, stack(0x000000c583500000,0x000000c583600000)]
  0x000002864c0ccf70 JavaThread "C2 CompilerThread1" daemon [_thread_in_native, id=6864, stack(0x000000c583200000,0x000000c583300000)]

Other Threads:
  0x000002864b29f170 VMThread "VM Thread" [stack: 0x000000c582800000,0x000000c582900000] [id=14684]
  0x000002862f962200 WatcherThread [stack: 0x000000c583400000,0x000000c583500000] [id=7976]
  0x000002862f9a0620 GCTaskThread "GC Thread#0" [stack: 0x000000c582300000,0x000000c582400000] [id=21192]
  0x000002864c023700 GCTaskThread "GC Thread#1" [stack: 0x000000c583600000,0x000000c583700000] [id=21296]
  0x000002864c020730 GCTaskThread "GC Thread#2" [stack: 0x000000c583700000,0x000000c583800000] [id=21408]
  0x000002862f9b1ba0 ConcurrentGCThread "G1 Main Marker" [stack: 0x000000c582400000,0x000000c582500000] [id=17740]
  0x000002862f9b36b0 ConcurrentGCThread "G1 Conc#0" [stack: 0x000000c582500000,0x000000c582600000] [id=19732]
  0x000002862fa2b2a0 ConcurrentGCThread "G1 Refine#0" [stack: 0x000000c582600000,0x000000c582700000] [id=21316]
  0x000002862fa2bdb0 ConcurrentGCThread "G1 Young RemSet Sampling" [stack: 0x000000c582700000,0x000000c582800000] [id=14596]

Threads with active compile tasks:
C2 CompilerThread0     1140  758       4       java.util.HashMap::putVal (300 bytes)
C1 CompilerThread0     1140  895       3       java.lang.ClassLoader::compareCerts (197 bytes)
C2 CompilerThread1     1140  769       4       java.lang.StringBuilder::append (8 bytes)

VM state: at safepoint (normal execution)

VM Mutex/Monitor currently owned by a thread:  ([mutex/lock_event])
[0x000002862f95c680] Threads_lock - owner thread: 0x000002864b29f170
[0x000002862f95bfc0] Heap_lock - owner thread: 0x000002864bb42d80
[0x000002862f95b870] MethodData_lock - owner thread: 0x000002864bb42d80

Heap address: 0x0000000082000000, size: 2016 MB, Compressed Oops mode: 32-bit
CDS disabled.
Compressed class space mapped at: 0x0000000100000000-0x0000000140000000, size: 1073741824
Narrow klass base: 0x0000000000000000, Narrow klass shift: 3, Narrow klass range: 0x140000000

GC Precious Log:
 CPUs: 4 total, 4 available
 Memory: 8060M
 Large Page Support: Disabled
 NUMA Support: Disabled
 Compressed Oops: Enabled (32-bit)
 Heap Region Size: 1M
 Heap Min Capacity: 8M
 Heap Initial Capacity: 126M
 Heap Max Capacity: 2016M
 Pre-touch: Disabled
 Parallel Workers: 4
 Concurrent Workers: 1
 Concurrent Refinement Workers: 4
 Periodic GC: Disabled

Heap:
 garbage-first heap   total 129024K, used 4077K [0x0000000082000000, 0x0000000100000000)
  region size 1024K, 2 young (2048K), 2 survivors (2048K)
 Metaspace       used 12601K, capacity 12720K, committed 12800K, reserved 1073152K
  class space    used 1166K, capacity 1235K, committed 1280K, reserved 1048576K

Heap Regions: E=young(eden), S=young(survivor), O=old, HS=humongous(starts), HC=humongous(continues), CS=collection set, F=free, OA=open archive, CA=closed archive, TAMS=top-at-mark-start (previous, next)
|   0|0x0000000082000000, 0x0000000082100000, 0x0000000082100000|100%| O|  |TAMS 0x0000000082000000, 0x00000000820e9e00| Untracked 
|   1|0x0000000082100000, 0x0000000082200000, 0x0000000082200000|100%| O|  |TAMS 0x0000000082100000, 0x0000000082100000| Untracked 
|   2|0x0000000082200000, 0x00000000822ede00, 0x0000000082300000| 92%| O|  |TAMS 0x0000000082200000, 0x0000000082200000| Untracked 
|   3|0x0000000082300000, 0x0000000082300000, 0x0000000082400000|  0%| F|  |TAMS 0x0000000082300000, 0x0000000082300000| Untracked 
|   4|0x0000000082400000, 0x0000000082400000, 0x0000000082500000|  0%| F|  |TAMS 0x0000000082400000, 0x0000000082400000| Untracked 
|   5|0x0000000082500000, 0x0000000082500000, 0x0000000082600000|  0%| F|  |TAMS 0x0000000082500000, 0x0000000082500000| Untracked 
|   6|0x0000000082600000, 0x0000000082600000, 0x0000000082700000|  0%| F|  |TAMS 0x0000000082600000, 0x0000000082600000| Untracked 
|   7|0x0000000082700000, 0x0000000082700000, 0x0000000082800000|  0%| F|  |TAMS 0x0000000082700000, 0x0000000082700000| Untracked 
|   8|0x0000000082800000, 0x0000000082800000, 0x0000000082900000|  0%| F|  |TAMS 0x0000000082800000, 0x0000000082800000| Untracked 
|   9|0x0000000082900000, 0x0000000082900000, 0x0000000082a00000|  0%| F|  |TAMS 0x0000000082900000, 0x0000000082900000| Untracked 
|  10|0x0000000082a00000, 0x0000000082a00000, 0x0000000082b00000|  0%| F|  |TAMS 0x0000000082a00000, 0x0000000082a00000| Untracked 
|  11|0x0000000082b00000, 0x0000000082b00000, 0x0000000082c00000|  0%| F|  |TAMS 0x0000000082b00000, 0x0000000082b00000| Untracked 
|  12|0x0000000082c00000, 0x0000000082c00000, 0x0000000082d00000|  0%| F|  |TAMS 0x0000000082c00000, 0x0000000082c00000| Untracked 
|  13|0x0000000082d00000, 0x0000000082d00000, 0x0000000082e00000|  0%| F|  |TAMS 0x0000000082d00000, 0x0000000082d00000| Untracked 
|  14|0x0000000082e00000, 0x0000000082e00000, 0x0000000082f00000|  0%| F|  |TAMS 0x0000000082e00000, 0x0000000082e00000| Untracked 
|  15|0x0000000082f00000, 0x0000000082f00000, 0x0000000083000000|  0%| F|  |TAMS 0x0000000082f00000, 0x0000000082f00000| Untracked 
|  16|0x0000000083000000, 0x0000000083000000, 0x0000000083100000|  0%| F|  |TAMS 0x0000000083000000, 0x0000000083000000| Untracked 
|  17|0x0000000083100000, 0x0000000083100000, 0x0000000083200000|  0%| F|  |TAMS 0x0000000083100000, 0x0000000083100000| Untracked 
|  18|0x0000000083200000, 0x0000000083200000, 0x0000000083300000|  0%| F|  |TAMS 0x0000000083200000, 0x0000000083200000| Untracked 
|  19|0x0000000083300000, 0x0000000083300000, 0x0000000083400000|  0%| F|  |TAMS 0x0000000083300000, 0x0000000083300000| Untracked 
|  20|0x0000000083400000, 0x0000000083400000, 0x0000000083500000|  0%| F|  |TAMS 0x0000000083400000, 0x0000000083400000| Untracked 
|  21|0x0000000083500000, 0x0000000083500000, 0x0000000083600000|  0%| F|  |TAMS 0x0000000083500000, 0x0000000083500000| Untracked 
|  22|0x0000000083600000, 0x0000000083600000, 0x0000000083700000|  0%| F|  |TAMS 0x0000000083600000, 0x0000000083600000| Untracked 
|  23|0x0000000083700000, 0x0000000083700000, 0x0000000083800000|  0%| F|  |TAMS 0x0000000083700000, 0x0000000083700000| Untracked 
|  24|0x0000000083800000, 0x0000000083800000, 0x0000000083900000|  0%| F|  |TAMS 0x0000000083800000, 0x0000000083800000| Untracked 
|  25|0x0000000083900000, 0x0000000083900000, 0x0000000083a00000|  0%| F|  |TAMS 0x0000000083900000, 0x0000000083900000| Untracked 
|  26|0x0000000083a00000, 0x0000000083a00000, 0x0000000083b00000|  0%| F|  |TAMS 0x0000000083a00000, 0x0000000083a00000| Untracked 
|  27|0x0000000083b00000, 0x0000000083b00000, 0x0000000083c00000|  0%| F|  |TAMS 0x0000000083b00000, 0x0000000083b00000| Untracked 
|  28|0x0000000083c00000, 0x0000000083c00000, 0x0000000083d00000|  0%| F|  |TAMS 0x0000000083c00000, 0x0000000083c00000| Untracked 
|  29|0x0000000083d00000, 0x0000000083d00000, 0x0000000083e00000|  0%| F|  |TAMS 0x0000000083d00000, 0x0000000083d00000| Untracked 
|  30|0x0000000083e00000, 0x0000000083e00000, 0x0000000083f00000|  0%| F|  |TAMS 0x0000000083e00000, 0x0000000083e00000| Untracked 
|  31|0x0000000083f00000, 0x0000000083f00000, 0x0000000084000000|  0%| F|  |TAMS 0x0000000083f00000, 0x0000000083f00000| Untracked 
|  32|0x0000000084000000, 0x0000000084000000, 0x0000000084100000|  0%| F|  |TAMS 0x0000000084000000, 0x0000000084000000| Untracked 
|  33|0x0000000084100000, 0x0000000084100000, 0x0000000084200000|  0%| F|  |TAMS 0x0000000084100000, 0x0000000084100000| Untracked 
|  34|0x0000000084200000, 0x0000000084200000, 0x0000000084300000|  0%| F|  |TAMS 0x0000000084200000, 0x0000000084200000| Untracked 
|  35|0x0000000084300000, 0x0000000084300000, 0x0000000084400000|  0%| F|  |TAMS 0x0000000084300000, 0x0000000084300000| Untracked 
|  36|0x0000000084400000, 0x0000000084400000, 0x0000000084500000|  0%| F|  |TAMS 0x0000000084400000, 0x0000000084400000| Untracked 
|  37|0x0000000084500000, 0x0000000084500000, 0x0000000084600000|  0%| F|  |TAMS 0x0000000084500000, 0x0000000084500000| Untracked 
|  38|0x0000000084600000, 0x0000000084600000, 0x0000000084700000|  0%| F|  |TAMS 0x0000000084600000, 0x0000000084600000| Untracked 
|  39|0x0000000084700000, 0x0000000084700000, 0x0000000084800000|  0%| F|  |TAMS 0x0000000084700000, 0x0000000084700000| Untracked 
|  40|0x0000000084800000, 0x0000000084800000, 0x0000000084900000|  0%| F|  |TAMS 0x0000000084800000, 0x0000000084800000| Untracked 
|  41|0x0000000084900000, 0x0000000084900000, 0x0000000084a00000|  0%| F|  |TAMS 0x0000000084900000, 0x0000000084900000| Untracked 
|  42|0x0000000084a00000, 0x0000000084a00000, 0x0000000084b00000|  0%| F|  |TAMS 0x0000000084a00000, 0x0000000084a00000| Untracked 
|  43|0x0000000084b00000, 0x0000000084b00000, 0x0000000084c00000|  0%| F|  |TAMS 0x0000000084b00000, 0x0000000084b00000| Untracked 
|  44|0x0000000084c00000, 0x0000000084c00000, 0x0000000084d00000|  0%| F|  |TAMS 0x0000000084c00000, 0x0000000084c00000| Untracked 
|  45|0x0000000084d00000, 0x0000000084d00000, 0x0000000084e00000|  0%| F|  |TAMS 0x0000000084d00000, 0x0000000084d00000| Untracked 
|  46|0x0000000084e00000, 0x0000000084e00000, 0x0000000084f00000|  0%| F|  |TAMS 0x0000000084e00000, 0x0000000084e00000| Untracked 
|  47|0x0000000084f00000, 0x0000000084f00000, 0x0000000085000000|  0%| F|  |TAMS 0x0000000084f00000, 0x0000000084f00000| Untracked 
|  48|0x0000000085000000, 0x0000000085000000, 0x0000000085100000|  0%| F|  |TAMS 0x0000000085000000, 0x0000000085000000| Untracked 
|  49|0x0000000085100000, 0x0000000085100000, 0x0000000085200000|  0%| F|  |TAMS 0x0000000085100000, 0x0000000085100000| Untracked 
|  50|0x0000000085200000, 0x0000000085200000, 0x0000000085300000|  0%| F|  |TAMS 0x0000000085200000, 0x0000000085200000| Untracked 
|  51|0x0000000085300000, 0x0000000085300000, 0x0000000085400000|  0%| F|  |TAMS 0x0000000085300000, 0x0000000085300000| Untracked 
|  52|0x0000000085400000, 0x0000000085400000, 0x0000000085500000|  0%| F|  |TAMS 0x0000000085400000, 0x0000000085400000| Untracked 
|  53|0x0000000085500000, 0x0000000085500000, 0x0000000085600000|  0%| F|  |TAMS 0x0000000085500000, 0x0000000085500000| Untracked 
|  54|0x0000000085600000, 0x0000000085600000, 0x0000000085700000|  0%| F|  |TAMS 0x0000000085600000, 0x0000000085600000| Untracked 
|  55|0x0000000085700000, 0x0000000085700000, 0x0000000085800000|  0%| F|  |TAMS 0x0000000085700000, 0x0000000085700000| Untracked 
|  56|0x0000000085800000, 0x0000000085800000, 0x0000000085900000|  0%| F|  |TAMS 0x0000000085800000, 0x0000000085800000| Untracked 
|  57|0x0000000085900000, 0x0000000085900000, 0x0000000085a00000|  0%| F|  |TAMS 0x0000000085900000, 0x0000000085900000| Untracked 
|  58|0x0000000085a00000, 0x0000000085a00000, 0x0000000085b00000|  0%| F|  |TAMS 0x0000000085a00000, 0x0000000085a00000| Untracked 
|  59|0x0000000085b00000, 0x0000000085b00000, 0x0000000085c00000|  0%| F|  |TAMS 0x0000000085b00000, 0x0000000085b00000| Untracked 
|  60|0x0000000085c00000, 0x0000000085c00000, 0x0000000085d00000|  0%| F|  |TAMS 0x0000000085c00000, 0x0000000085c00000| Untracked 
|  61|0x0000000085d00000, 0x0000000085d00000, 0x0000000085e00000|  0%| F|  |TAMS 0x0000000085d00000, 0x0000000085d00000| Untracked 
|  62|0x0000000085e00000, 0x0000000085e00000, 0x0000000085f00000|  0%| F|  |TAMS 0x0000000085e00000, 0x0000000085e00000| Untracked 
|  63|0x0000000085f00000, 0x0000000085f00000, 0x0000000086000000|  0%| F|  |TAMS 0x0000000085f00000, 0x0000000085f00000| Untracked 
|  64|0x0000000086000000, 0x0000000086000000, 0x0000000086100000|  0%| F|  |TAMS 0x0000000086000000, 0x0000000086000000| Untracked 
|  65|0x0000000086100000, 0x0000000086100000, 0x0000000086200000|  0%| F|  |TAMS 0x0000000086100000, 0x0000000086100000| Untracked 
|  66|0x0000000086200000, 0x0000000086200000, 0x0000000086300000|  0%| F|  |TAMS 0x0000000086200000, 0x0000000086200000| Untracked 
|  67|0x0000000086300000, 0x0000000086300000, 0x0000000086400000|  0%| F|  |TAMS 0x0000000086300000, 0x0000000086300000| Untracked 
|  68|0x0000000086400000, 0x0000000086400000, 0x0000000086500000|  0%| F|  |TAMS 0x0000000086400000, 0x0000000086400000| Untracked 
|  69|0x0000000086500000, 0x0000000086500000, 0x0000000086600000|  0%| F|  |TAMS 0x0000000086500000, 0x0000000086500000| Untracked 
|  70|0x0000000086600000, 0x0000000086600000, 0x0000000086700000|  0%| F|  |TAMS 0x0000000086600000, 0x0000000086600000| Untracked 
|  71|0x0000000086700000, 0x0000000086700000, 0x0000000086800000|  0%| F|  |TAMS 0x0000000086700000, 0x0000000086700000| Untracked 
|  72|0x0000000086800000, 0x0000000086800000, 0x0000000086900000|  0%| F|  |TAMS 0x0000000086800000, 0x0000000086800000| Untracked 
|  73|0x0000000086900000, 0x0000000086900000, 0x0000000086a00000|  0%| F|  |TAMS 0x0000000086900000, 0x0000000086900000| Untracked 
|  74|0x0000000086a00000, 0x0000000086a00000, 0x0000000086b00000|  0%| F|  |TAMS 0x0000000086a00000, 0x0000000086a00000| Untracked 
|  75|0x0000000086b00000, 0x0000000086b00000, 0x0000000086c00000|  0%| F|  |TAMS 0x0000000086b00000, 0x0000000086b00000| Untracked 
|  76|0x0000000086c00000, 0x0000000086c00000, 0x0000000086d00000|  0%| F|  |TAMS 0x0000000086c00000, 0x0000000086c00000| Untracked 
|  77|0x0000000086d00000, 0x0000000086d00000, 0x0000000086e00000|  0%| F|  |TAMS 0x0000000086d00000, 0x0000000086d00000| Untracked 
|  78|0x0000000086e00000, 0x0000000086e00000, 0x0000000086f00000|  0%| F|  |TAMS 0x0000000086e00000, 0x0000000086e00000| Untracked 
|  79|0x0000000086f00000, 0x0000000086f00000, 0x0000000087000000|  0%| F|  |TAMS 0x0000000086f00000, 0x0000000086f00000| Untracked 
|  80|0x0000000087000000, 0x0000000087000000, 0x0000000087100000|  0%| F|  |TAMS 0x0000000087000000, 0x0000000087000000| Untracked 
|  81|0x0000000087100000, 0x0000000087100000, 0x0000000087200000|  0%| F|  |TAMS 0x0000000087100000, 0x0000000087100000| Untracked 
|  82|0x0000000087200000, 0x0000000087200000, 0x0000000087300000|  0%| F|  |TAMS 0x0000000087200000, 0x0000000087200000| Untracked 
|  83|0x0000000087300000, 0x0000000087300000, 0x0000000087400000|  0%| F|  |TAMS 0x0000000087300000, 0x0000000087300000| Untracked 
|  84|0x0000000087400000, 0x0000000087400000, 0x0000000087500000|  0%| F|  |TAMS 0x0000000087400000, 0x0000000087400000| Untracked 
|  85|0x0000000087500000, 0x0000000087500000, 0x0000000087600000|  0%| F|  |TAMS 0x0000000087500000, 0x0000000087500000| Untracked 
|  86|0x0000000087600000, 0x0000000087600000, 0x0000000087700000|  0%| F|  |TAMS 0x0000000087600000, 0x0000000087600000| Untracked 
|  87|0x0000000087700000, 0x0000000087700000, 0x0000000087800000|  0%| F|  |TAMS 0x0000000087700000, 0x0000000087700000| Untracked 
|  88|0x0000000087800000, 0x0000000087800000, 0x0000000087900000|  0%| F|  |TAMS 0x0000000087800000, 0x0000000087800000| Untracked 
|  89|0x0000000087900000, 0x0000000087900000, 0x0000000087a00000|  0%| F|  |TAMS 0x0000000087900000, 0x0000000087900000| Untracked 
|  90|0x0000000087a00000, 0x0000000087a00000, 0x0000000087b00000|  0%| F|  |TAMS 0x0000000087a00000, 0x0000000087a00000| Untracked 
|  91|0x0000000087b00000, 0x0000000087b00000, 0x0000000087c00000|  0%| F|  |TAMS 0x0000000087b00000, 0x0000000087b00000| Untracked 
|  92|0x0000000087c00000, 0x0000000087c00000, 0x0000000087d00000|  0%| F|  |TAMS 0x0000000087c00000, 0x0000000087c00000| Untracked 
|  93|0x0000000087d00000, 0x0000000087d00000, 0x0000000087e00000|  0%| F|  |TAMS 0x0000000087d00000, 0x0000000087d00000| Untracked 
|  94|0x0000000087e00000, 0x0000000087e00000, 0x0000000087f00000|  0%| F|  |TAMS 0x0000000087e00000, 0x0000000087e00000| Untracked 
|  95|0x0000000087f00000, 0x0000000087f00000, 0x0000000088000000|  0%| F|  |TAMS 0x0000000087f00000, 0x0000000087f00000| Untracked 
|  96|0x0000000088000000, 0x0000000088000000, 0x0000000088100000|  0%| F|  |TAMS 0x0000000088000000, 0x0000000088000000| Untracked 
|  97|0x0000000088100000, 0x0000000088100000, 0x0000000088200000|  0%| F|  |TAMS 0x0000000088100000, 0x0000000088100000| Untracked 
|  98|0x0000000088200000, 0x0000000088200000, 0x0000000088300000|  0%| F|  |TAMS 0x0000000088200000, 0x0000000088200000| Untracked 
|  99|0x0000000088300000, 0x0000000088300000, 0x0000000088400000|  0%| F|  |TAMS 0x0000000088300000, 0x0000000088300000| Untracked 
| 100|0x0000000088400000, 0x0000000088400000, 0x0000000088500000|  0%| F|  |TAMS 0x0000000088400000, 0x0000000088400000| Untracked 
| 101|0x0000000088500000, 0x0000000088500000, 0x0000000088600000|  0%| F|  |TAMS 0x0000000088500000, 0x0000000088500000| Untracked 
| 102|0x0000000088600000, 0x0000000088600000, 0x0000000088700000|  0%| F|  |TAMS 0x0000000088600000, 0x0000000088600000| Untracked 
| 103|0x0000000088700000, 0x0000000088700000, 0x0000000088800000|  0%| F|  |TAMS 0x0000000088700000, 0x0000000088700000| Untracked 
| 104|0x0000000088800000, 0x0000000088800000, 0x0000000088900000|  0%| F|  |TAMS 0x0000000088800000, 0x0000000088800000| Untracked 
| 105|0x0000000088900000, 0x0000000088900000, 0x0000000088a00000|  0%| F|  |TAMS 0x0000000088900000, 0x0000000088900000| Untracked 
| 106|0x0000000088a00000, 0x0000000088a00000, 0x0000000088b00000|  0%| F|  |TAMS 0x0000000088a00000, 0x0000000088a00000| Untracked 
| 107|0x0000000088b00000, 0x0000000088b00000, 0x0000000088c00000|  0%| F|  |TAMS 0x0000000088b00000, 0x0000000088b00000| Untracked 
| 108|0x0000000088c00000, 0x0000000088c00000, 0x0000000088d00000|  0%| F|  |TAMS 0x0000000088c00000, 0x0000000088c00000| Untracked 
| 109|0x0000000088d00000, 0x0000000088d00000, 0x0000000088e00000|  0%| F|  |TAMS 0x0000000088d00000, 0x0000000088d00000| Untracked 
| 110|0x0000000088e00000, 0x0000000088e00000, 0x0000000088f00000|  0%| F|  |TAMS 0x0000000088e00000, 0x0000000088e00000| Untracked 
| 111|0x0000000088f00000, 0x0000000088f00000, 0x0000000089000000|  0%| F|  |TAMS 0x0000000088f00000, 0x0000000088f00000| Untracked 
| 112|0x0000000089000000, 0x0000000089000000, 0x0000000089100000|  0%| F|  |TAMS 0x0000000089000000, 0x0000000089000000| Untracked 
| 113|0x0000000089100000, 0x0000000089100000, 0x0000000089200000|  0%| F|  |TAMS 0x0000000089100000, 0x0000000089100000| Untracked 
| 114|0x0000000089200000, 0x0000000089200000, 0x0000000089300000|  0%| F|  |TAMS 0x0000000089200000, 0x0000000089200000| Untracked 
| 115|0x0000000089300000, 0x0000000089300000, 0x0000000089400000|  0%| F|  |TAMS 0x0000000089300000, 0x0000000089300000| Untracked 
| 116|0x0000000089400000, 0x0000000089400000, 0x0000000089500000|  0%| F|  |TAMS 0x0000000089400000, 0x0000000089400000| Untracked 
| 117|0x0000000089500000, 0x0000000089500000, 0x0000000089600000|  0%| F|  |TAMS 0x0000000089500000, 0x0000000089500000| Untracked 
| 118|0x0000000089600000, 0x0000000089600000, 0x0000000089700000|  0%| F|  |TAMS 0x0000000089600000, 0x0000000089600000| Untracked 
| 119|0x0000000089700000, 0x0000000089700000, 0x0000000089800000|  0%| F|  |TAMS 0x0000000089700000, 0x0000000089700000| Untracked 
| 120|0x0000000089800000, 0x000000008980d610, 0x0000000089900000|  5%| S|CS|TAMS 0x0000000089800000, 0x0000000089800000| Complete 
| 121|0x0000000089900000, 0x0000000089a00000, 0x0000000089a00000|100%| S|CS|TAMS 0x0000000089900000, 0x0000000089900000| Complete 
| 122|0x0000000089a00000, 0x0000000089a00000, 0x0000000089b00000|  0%| F|  |TAMS 0x0000000089a00000, 0x0000000089a00000| Untracked 
| 123|0x0000000089b00000, 0x0000000089b00000, 0x0000000089c00000|  0%| F|  |TAMS 0x0000000089b00000, 0x0000000089b00000| Untracked 
| 124|0x0000000089c00000, 0x0000000089c00000, 0x0000000089d00000|  0%| F|  |TAMS 0x0000000089c00000, 0x0000000089c00000| Untracked 
| 125|0x0000000089d00000, 0x0000000089d00000, 0x0000000089e00000|  0%| F|  |TAMS 0x0000000089d00000, 0x0000000089d00000| Untracked 

Card table byte_map: [0x00000286445a0000,0x0000028644990000] _byte_map_base: 0x0000028644190000

Marking Bits (Prev, Next): (CMBitMap*) 0x000002862f9a0da0, (CMBitMap*) 0x000002862f9a0de0
 Prev Bits: [0x0000028644d80000, 0x0000028646d00000)
 Next Bits: [0x0000028646d00000, 0x0000028648c80000)

Polling page: 0x000002862fa40000

Metaspace:

Usage:
  Non-class:     11.22 MB capacity,    11.17 MB (>99%) used,    38.63 KB ( <1%) free+waste,    11.31 KB ( <1%) overhead. 
      Class:      1.21 MB capacity,     1.14 MB ( 94%) used,    64.34 KB (  5%) free+waste,     4.06 KB ( <1%) overhead. 
       Both:     12.42 MB capacity,    12.31 MB (>99%) used,   102.98 KB ( <1%) free+waste,    15.38 KB ( <1%) overhead. 

Virtual space:
  Non-class space:       24.00 MB reserved,      11.25 MB ( 47%) committed 
      Class space:        1.00 GB reserved,       1.25 MB ( <1%) committed 
             Both:        1.02 GB reserved,      12.50 MB (  1%) committed 

Chunk freelists:
   Non-Class:  35.00 KB
       Class:  13.00 KB
        Both:  48.00 KB

MaxMetaspaceSize: 17179869184.00 GB
CompressedClassSpaceSize: 1.00 GB

CodeHeap 'non-profiled nmethods': size=120000Kb used=310Kb max_used=310Kb free=119689Kb
 bounds [0x000002863c660000, 0x000002863c8d0000, 0x0000028643b90000]
CodeHeap 'profiled nmethods': size=120000Kb used=1337Kb max_used=1337Kb free=118662Kb
 bounds [0x0000028635130000, 0x00000286353a0000, 0x000002863c660000]
CodeHeap 'non-nmethods': size=5760Kb used=1187Kb max_used=1206Kb free=4572Kb
 bounds [0x0000028634b90000, 0x0000028634e00000, 0x0000028635130000]
 total_blobs=1342 nmethods=890 adapters=365
 compilation: enabled
              stopped_count=0, restarted_count=0
 full_count=0

Compilation events (20 events):
Event: 0.741 Thread 0x000002864bb42d80 nmethod 833 0x000002863c6a8790 code [0x000002863c6a8920, 0x000002863c6a89d8]
Event: 0.741 Thread 0x000002864bb42d80  837       3       java.lang.invoke.LambdaForm::uncustomize (57 bytes)
Event: 0.741 Thread 0x000002864bb42d80 nmethod 837 0x0000028635260390 code [0x0000028635260540, 0x0000028635260828]
Event: 0.742 Thread 0x000002864bb42d80  839       3       java.lang.invoke.MethodType$ConcurrentWeakInternSet$WeakEntry::<init> (15 bytes)
Event: 0.742 Thread 0x000002864bb42d80 nmethod 839 0x0000028635260910 code [0x0000028635260ae0, 0x0000028635260ec8]
Event: 0.742 Thread 0x000002864bb42d80  840       3       java.lang.invoke.MethodType$ConcurrentWeakInternSet::add (66 bytes)
Event: 0.742 Thread 0x000002864bb42d80 nmethod 840 0x0000028635261010 code [0x0000028635261280, 0x0000028635262008]
Event: 0.742 Thread 0x000002864bb42d80  842       3       sun.invoke.util.Wrapper::forPrimitiveType (49 bytes)
Event: 0.744 Thread 0x000002864bb42d80 nmethod 842 0x0000028635262490 code [0x0000028635262800, 0x0000028635263b48]
Event: 0.744 Thread 0x000002864bb42d80  843       3       java.lang.invoke.LambdaForm::internArgument (85 bytes)
Event: 0.744 Thread 0x000002864bb42d80 nmethod 843 0x0000028635264290 code [0x0000028635264460, 0x0000028635264768]
Event: 0.744 Thread 0x000002864bb42d80  841       1       java.lang.invoke.DirectMethodHandle::internalMemberName (5 bytes)
Event: 0.744 Thread 0x000002864bb42d80 nmethod 841 0x000002863c6a9390 code [0x000002863c6a9520, 0x000002863c6a95d8]
Event: 0.744 Thread 0x000002864bb42d80  847       3       jdk.internal.org.objectweb.asm.Frame::pop (44 bytes)
Event: 0.744 Thread 0x000002864bb42d80 nmethod 847 0x0000028635264910 code [0x0000028635264aa0, 0x0000028635264c18]
Event: 0.744 Thread 0x000002864bb42d80  848       3       java.lang.invoke.LambdaForm$Name::lastUseIndex (36 bytes)
Event: 0.745 Thread 0x000002864bb42d80 nmethod 848 0x0000028635264c90 code [0x0000028635264e40, 0x00000286352650d8]
Event: 0.745 Thread 0x000002864bb42d80  849       3       java.lang.invoke.LambdaForm$Name::useCount (42 bytes)
Event: 0.745 Thread 0x000002864bb42d80 nmethod 849 0x0000028635265210 code [0x00000286352653c0, 0x00000286352656b8]
Event: 0.745 Thread 0x000002864bb42d80  850       3       java.lang.invoke.InvokerBytecodeGenerator::emitImplicitConversion (161 bytes)

GC Heap History (1 events):
Event: 0.746 GC heap before
{Heap before GC invocations=0 (full 0):
 garbage-first heap   total 129024K, used 12288K [0x0000000082000000, 0x0000000100000000)
  region size 1024K, 13 young (13312K), 0 survivors (0K)
 Metaspace       used 12187K, capacity 12400K, committed 12544K, reserved 1060864K
  class space    used 1117K, capacity 1171K, committed 1280K, reserved 1048576K
}

Deoptimization events (20 events):
Event: 0.461 Thread 0x000002862f961140 DEOPT PACKING pc=0x00000286351e40c7 sp=0x000000c5822fbf30
Event: 0.461 Thread 0x000002862f961140 DEOPT UNPACKING pc=0x0000028634bde23f sp=0x000000c5822fb4b0 mode 0
Event: 0.462 Thread 0x000002862f961140 DEOPT PACKING pc=0x00000286351e40c7 sp=0x000000c5822fbf30
Event: 0.462 Thread 0x000002862f961140 DEOPT UNPACKING pc=0x0000028634bde23f sp=0x000000c5822fb4b0 mode 0
Event: 0.702 Thread 0x000002862f961140 Uncommon trap: trap_request=0xffffffde fr.pc=0x000002863c67d36c relative=0x0000000000000cec
Event: 0.702 Thread 0x000002862f961140 Uncommon trap: reason=class_check action=maybe_recompile pc=0x000002863c67d36c method=java.util.HashMap.putVal(ILjava/lang/Object;Ljava/lang/Object;ZZ)Ljava/lang/Object; @ 203 c2
Event: 0.702 Thread 0x000002862f961140 DEOPT PACKING pc=0x000002863c67d36c sp=0x000000c5822fc480
Event: 0.702 Thread 0x000002862f961140 DEOPT UNPACKING pc=0x0000028634bde42f sp=0x000000c5822fc420 mode 2
Event: 0.702 Thread 0x000002862f961140 Uncommon trap: trap_request=0xffffffde fr.pc=0x000002863c67d36c relative=0x0000000000000cec
Event: 0.702 Thread 0x000002862f961140 Uncommon trap: reason=class_check action=maybe_recompile pc=0x000002863c67d36c method=java.util.HashMap.putVal(ILjava/lang/Object;Ljava/lang/Object;ZZ)Ljava/lang/Object; @ 203 c2
Event: 0.702 Thread 0x000002862f961140 DEOPT PACKING pc=0x000002863c67d36c sp=0x000000c5822fc480
Event: 0.702 Thread 0x000002862f961140 DEOPT UNPACKING pc=0x0000028634bde42f sp=0x000000c5822fc420 mode 2
Event: 0.702 Thread 0x000002862f961140 Uncommon trap: trap_request=0xffffffde fr.pc=0x000002863c67d36c relative=0x0000000000000cec
Event: 0.702 Thread 0x000002862f961140 Uncommon trap: reason=class_check action=maybe_recompile pc=0x000002863c67d36c method=java.util.HashMap.putVal(ILjava/lang/Object;Ljava/lang/Object;ZZ)Ljava/lang/Object; @ 203 c2
Event: 0.702 Thread 0x000002862f961140 DEOPT PACKING pc=0x000002863c67d36c sp=0x000000c5822fc480
Event: 0.702 Thread 0x000002862f961140 DEOPT UNPACKING pc=0x0000028634bde42f sp=0x000000c5822fc420 mode 2
Event: 0.703 Thread 0x000002862f961140 Uncommon trap: trap_request=0xffffffde fr.pc=0x000002863c67d36c relative=0x0000000000000cec
Event: 0.703 Thread 0x000002862f961140 Uncommon trap: reason=class_check action=maybe_recompile pc=0x000002863c67d36c method=java.util.HashMap.putVal(ILjava/lang/Object;Ljava/lang/Object;ZZ)Ljava/lang/Object; @ 203 c2
Event: 0.703 Thread 0x000002862f961140 DEOPT PACKING pc=0x000002863c67d36c sp=0x000000c5822fc480
Event: 0.703 Thread 0x000002862f961140 DEOPT UNPACKING pc=0x0000028634bde42f sp=0x000000c5822fc420 mode 2

Classes unloaded (0 events):
No events

Classes redefined (0 events):
No events

Internal exceptions (11 events):
Event: 0.244 Thread 0x000002862f961140 Exception <a 'java/lang/NoSuchMethodError'{0x0000000089b33b90}: 'void java.lang.invoke.DirectMethodHandle$Holder.invokeSpecial(java.lang.Object, java.lang.Object, java.lang.Object)'> (0x0000000089b33b90) 
thrown [./open/src/hotspot/share/interpreter/linkResolver.cpp, line 782]
Event: 0.263 Thread 0x000002862f961140 Exception <a 'java/lang/NoSuchMethodError'{0x0000000089b4bc30}: 'void java.lang.invoke.DirectMethodHandle$Holder.invokeSpecial(java.lang.Object, java.lang.Object, java.lang.Object, java.lang.Object, java.lang.Object)'> (0x0000000089b4bc30) 
thrown [./open/src/hotspot/share/interpreter/linkResolver.cpp, line 782]
Event: 0.267 Thread 0x000002862f961140 Exception <a 'java/lang/NoSuchMethodError'{0x0000000089b5ec68}: 'java.lang.Object java.lang.invoke.DirectMethodHandle$Holder.invokeInterface(java.lang.Object, java.lang.Object)'> (0x0000000089b5ec68) 
thrown [./open/src/hotspot/share/interpreter/linkResolver.cpp, line 782]
Event: 0.268 Thread 0x000002862f961140 Exception <a 'java/lang/IncompatibleClassChangeError'{0x0000000089b623b8}: Found class java.lang.Object, but interface was expected> (0x0000000089b623b8) 
thrown [./open/src/hotspot/share/interpreter/linkResolver.cpp, line 848]
Event: 0.269 Thread 0x000002862f961140 Exception <a 'java/lang/NoSuchMethodError'{0x0000000089b653b0}: 'void java.lang.invoke.DirectMethodHandle$Holder.invokeStatic(java.lang.Object, java.lang.Object, java.lang.Object, java.lang.Object)'> (0x0000000089b653b0) 
thrown [./open/src/hotspot/share/interpreter/linkResolver.cpp, line 782]
Event: 0.478 Thread 0x000002862f961140 Exception <a 'java/lang/NoSuchMethodError'{0x0000000089834098}: 'void java.lang.invoke.DirectMethodHandle$Holder.invokeStatic(java.lang.Object, java.lang.Object, java.lang.Object)'> (0x0000000089834098) 
thrown [./open/src/hotspot/share/interpreter/linkResolver.cpp, line 782]
Event: 0.480 Thread 0x000002862f961140 Exception <a 'java/lang/NoSuchMethodError'{0x000000008983e840}: 'java.lang.Object java.lang.invoke.DirectMethodHandle$Holder.invokeVirtual(java.lang.Object, java.lang.Object, java.lang.Object)'> (0x000000008983e840) 
thrown [./open/src/hotspot/share/interpreter/linkResolver.cpp, line 782]
Event: 0.622 Thread 0x000002862f961140 Exception <a 'java/lang/NoSuchMethodError'{0x000000008949f5d0}: 'java.lang.Object java.lang.invoke.DirectMethodHandle$Holder.invokeStatic(java.lang.Object)'> (0x000000008949f5d0) 
thrown [./open/src/hotspot/share/interpreter/linkResolver.cpp, line 782]
Event: 0.623 Thread 0x000002862f961140 Exception <a 'java/lang/NoSuchMethodError'{0x00000000894a2ee8}: 'java.lang.Object java.lang.invoke.DirectMethodHandle$Holder.invokeStaticInit(java.lang.Object)'> (0x00000000894a2ee8) 
thrown [./open/src/hotspot/share/interpreter/linkResolver.cpp, line 782]
Event: 0.639 Thread 0x000002862f961140 Exception <a 'java/lang/NoSuchMethodError'{0x00000000894b0328}: 'void java.lang.invoke.DirectMethodHandle$Holder.invokeStatic(java.lang.Object, java.lang.Object)'> (0x00000000894b0328) 
thrown [./open/src/hotspot/share/interpreter/linkResolver.cpp, line 782]
Event: 0.688 Thread 0x000002862f961140 Exception <a 'java/lang/NoSuchMethodError'{0x00000000893f57d0}: 'void java.lang.invoke.DirectMethodHandle$Holder.invokeStaticInit(java.lang.Object, java.lang.Object)'> (0x00000000893f57d0) 
thrown [./open/src/hotspot/share/interpreter/linkResolver.cpp, line 782]

Events (20 events):
Event: 0.732 loading class java/nio/charset/Charset$ExtendedProviderHolder
Event: 0.732 loading class java/nio/charset/Charset$ExtendedProviderHolder done
Event: 0.732 loading class java/nio/charset/Charset$ExtendedProviderHolder$1
Event: 0.732 loading class java/nio/charset/Charset$ExtendedProviderHolder$1 done
Event: 0.733 loading class java/lang/AssertionError
Event: 0.733 loading class java/lang/AssertionError done
Event: 0.735 Thread 0x000002864c0ccf70 Thread added: 0x000002864c0ccf70
Event: 0.741 loading class java/lang/invoke/BoundMethodHandle$Species_LLLLLL
Event: 0.741 loading class java/lang/invoke/BoundMethodHandle$Species_LLLLLL done
Event: 0.743 loading class java/lang/invoke/BoundMethodHandle$Species_LLLLLLL
Event: 0.743 loading class java/lang/invoke/BoundMethodHandle$Species_LLLLLLL done
Event: 0.743 loading class java/lang/invoke/LambdaFormEditor$1
Event: 0.743 loading class java/lang/invoke/LambdaFormEditor$1 done
Event: 0.744 loading class java/util/TreeMap$EntrySet
Event: 0.744 loading class java/util/TreeMap$EntrySet done
Event: 0.744 loading class java/util/TreeMap$EntryIterator
Event: 0.744 loading class java/util/TreeMap$PrivateEntryIterator
Event: 0.744 loading class java/util/TreeMap$PrivateEntryIterator done
Event: 0.744 loading class java/util/TreeMap$EntryIterator done
Event: 0.746 Executing VM operation: G1CollectForAllocation


Dynamic libraries:
0x00007ff6a1e40000 - 0x00007ff6a1e4d000 	C:\Users\Jouzu\.p2\pool\plugins\org.eclipse.justj.openjdk.hotspot.jre.full.win32.x86_64_15.0.2.v20210201-0955\jre\bin\javaw.exe
0x00007ffb03270000 - 0x00007ffb03466000 	C:\WINDOWS\SYSTEM32\ntdll.dll
0x00007ffb02b10000 - 0x00007ffb02bcd000 	C:\WINDOWS\System32\KERNEL32.DLL
0x00007ffb00b10000 - 0x00007ffb00dd9000 	C:\WINDOWS\System32\KERNELBASE.dll
0x00007ffb00de0000 - 0x00007ffb00ee0000 	C:\WINDOWS\System32\ucrtbase.dll
0x00007ffaf5aa0000 - 0x00007ffaf5ab8000 	C:\Users\Jouzu\.p2\pool\plugins\org.eclipse.justj.openjdk.hotspot.jre.full.win32.x86_64_15.0.2.v20210201-0955\jre\bin\jli.dll
0x00007ffaf5f00000 - 0x00007ffaf5f19000 	C:\Users\Jouzu\.p2\pool\plugins\org.eclipse.justj.openjdk.hotspot.jre.full.win32.x86_64_15.0.2.v20210201-0955\jre\bin\VCRUNTIME140.dll
0x00007ffb02e70000 - 0x00007ffb03010000 	C:\WINDOWS\System32\USER32.dll
0x00007ffb01210000 - 0x00007ffb01232000 	C:\WINDOWS\System32\win32u.dll
0x00007ffb03010000 - 0x00007ffb0303a000 	C:\WINDOWS\System32\GDI32.dll
0x00007ffb009b0000 - 0x00007ffb00abb000 	C:\WINDOWS\System32\gdi32full.dll
0x00007ffaf5540000 - 0x00007ffaf57db000 	C:\WINDOWS\WinSxS\amd64_microsoft.windows.common-controls_6595b64144ccf1df_6.0.19041.746_none_ca02b4b61b8320a4\COMCTL32.dll
0x00007ffb01170000 - 0x00007ffb0120d000 	C:\WINDOWS\System32\msvcp_win.dll
0x00007ffb016b0000 - 0x00007ffb0174e000 	C:\WINDOWS\System32\msvcrt.dll
0x00007ffb01680000 - 0x00007ffb016b0000 	C:\WINDOWS\System32\IMM32.DLL
0x00007ffafe730000 - 0x00007ffafe73c000 	C:\Users\Jouzu\.p2\pool\plugins\org.eclipse.justj.openjdk.hotspot.jre.full.win32.x86_64_15.0.2.v20210201-0955\jre\bin\vcruntime140_1.dll
0x00007ffae1540000 - 0x00007ffae15d1000 	C:\Users\Jouzu\.p2\pool\plugins\org.eclipse.justj.openjdk.hotspot.jre.full.win32.x86_64_15.0.2.v20210201-0955\jre\bin\msvcp140.dll
0x00007ffab1b60000 - 0x00007ffab26be000 	C:\Users\Jouzu\.p2\pool\plugins\org.eclipse.justj.openjdk.hotspot.jre.full.win32.x86_64_15.0.2.v20210201-0955\jre\bin\server\jvm.dll
0x00007ffb02c90000 - 0x00007ffb02d3c000 	C:\WINDOWS\System32\ADVAPI32.dll
0x00007ffb02a50000 - 0x00007ffb02aec000 	C:\WINDOWS\System32\sechost.dll
0x00007ffb030a0000 - 0x00007ffb031cb000 	C:\WINDOWS\System32\RPCRT4.dll
0x00007ffb02c80000 - 0x00007ffb02c88000 	C:\WINDOWS\System32\PSAPI.DLL
0x00007ffaf72e0000 - 0x00007ffaf72e9000 	C:\WINDOWS\SYSTEM32\WSOCK32.dll
0x00007ffb02680000 - 0x00007ffb026eb000 	C:\WINDOWS\System32\WS2_32.dll
0x00007ffaef0d0000 - 0x00007ffaef0f7000 	C:\WINDOWS\SYSTEM32\WINMM.dll
0x00007ffafb9a0000 - 0x00007ffafb9aa000 	C:\WINDOWS\SYSTEM32\VERSION.dll
0x00007ffafe300000 - 0x00007ffafe312000 	C:\WINDOWS\SYSTEM32\kernel.appcore.dll
0x00007ffaf7eb0000 - 0x00007ffaf7eba000 	C:\Users\Jouzu\.p2\pool\plugins\org.eclipse.justj.openjdk.hotspot.jre.full.win32.x86_64_15.0.2.v20210201-0955\jre\bin\jimage.dll
0x00007ffaf8010000 - 0x00007ffaf81f4000 	C:\WINDOWS\SYSTEM32\DBGHELP.DLL
0x00007ffafba80000 - 0x00007ffafbaac000 	C:\WINDOWS\SYSTEM32\dbgcore.DLL
0x00007ffb00ee0000 - 0x00007ffb00f60000 	C:\WINDOWS\System32\bcryptPrimitives.dll
0x00007ffaed6d0000 - 0x00007ffaed6f5000 	C:\Users\Jouzu\.p2\pool\plugins\org.eclipse.justj.openjdk.hotspot.jre.full.win32.x86_64_15.0.2.v20210201-0955\jre\bin\java.dll
0x00007ffaf1e60000 - 0x00007ffaf1e78000 	C:\Users\Jouzu\.p2\pool\plugins\org.eclipse.justj.openjdk.hotspot.jre.full.win32.x86_64_15.0.2.v20210201-0955\jre\bin\zip.dll
0x00007ffb01bc0000 - 0x00007ffb02302000 	C:\WINDOWS\System32\SHELL32.dll
0x00007ffafeae0000 - 0x00007ffaff270000 	C:\WINDOWS\SYSTEM32\windows.storage.dll
0x00007ffb026f0000 - 0x00007ffb02a46000 	C:\WINDOWS\System32\combase.dll
0x00007ffb00340000 - 0x00007ffb0036c000 	C:\WINDOWS\SYSTEM32\Wldp.dll
0x00007ffb014a0000 - 0x00007ffb0154e000 	C:\WINDOWS\System32\SHCORE.dll
0x00007ffb03040000 - 0x00007ffb03095000 	C:\WINDOWS\System32\shlwapi.dll
0x00007ffb008e0000 - 0x00007ffb00906000 	C:\WINDOWS\SYSTEM32\profapi.dll
0x00007ffaf1e10000 - 0x00007ffaf1e29000 	C:\Users\Jouzu\.p2\pool\plugins\org.eclipse.justj.openjdk.hotspot.jre.full.win32.x86_64_15.0.2.v20210201-0955\jre\bin\net.dll
0x00007ffaf74d0000 - 0x00007ffaf75d0000 	C:\WINDOWS\SYSTEM32\WINHTTP.dll
0x00007ffb000c0000 - 0x00007ffb0012a000 	C:\WINDOWS\system32\mswsock.dll
0x00007ffaed660000 - 0x00007ffaed672000 	C:\Users\Jouzu\.p2\pool\plugins\org.eclipse.justj.openjdk.hotspot.jre.full.win32.x86_64_15.0.2.v20210201-0955\jre\bin\nio.dll
0x00007ffaffdf0000 - 0x00007ffaffebb000 	C:\WINDOWS\SYSTEM32\DNSAPI.dll
0x00007ffaffdb0000 - 0x00007ffaffdeb000 	C:\WINDOWS\SYSTEM32\IPHLPAPI.DLL
0x00007ffb013a0000 - 0x00007ffb013a8000 	C:\WINDOWS\System32\NSI.dll
0x00007ffaf39f0000 - 0x00007ffaf39fa000 	C:\Windows\System32\rasadhlp.dll
0x00007ffaee1f0000 - 0x00007ffaee26f000 	C:\WINDOWS\System32\fwpuclnt.dll
0x00007ffb012a0000 - 0x00007ffb012c7000 	C:\WINDOWS\System32\bcrypt.dll
0x00007ffaf7e60000 - 0x00007ffaf7e6d000 	C:\Users\Jouzu\.p2\pool\plugins\org.eclipse.justj.openjdk.hotspot.jre.full.win32.x86_64_15.0.2.v20210201-0955\jre\bin\sunmscapi.dll
0x00007ffb01010000 - 0x00007ffb01166000 	C:\WINDOWS\System32\CRYPT32.dll
0x00007ffb003b0000 - 0x00007ffb003d7000 	C:\WINDOWS\SYSTEM32\ncrypt.dll
0x00007ffb00370000 - 0x00007ffb003ab000 	C:\WINDOWS\SYSTEM32\NTASN1.dll

dbghelp: loaded successfully - version: 4.0.5 - missing functions: none
symbol engine: initialized successfully - sym options: 0x614 - pdb path: .;C:\Users\Jouzu\.p2\pool\plugins\org.eclipse.justj.openjdk.hotspot.jre.full.win32.x86_64_15.0.2.v20210201-0955\jre\bin;C:\WINDOWS\SYSTEM32;C:\WINDOWS\WinSxS\amd64_microsoft.windows.common-controls_6595b64144ccf1df_6.0.19041.746_none_ca02b4b61b8320a4;C:\Users\Jouzu\.p2\pool\plugins\org.eclipse.justj.openjdk.hotspot.jre.full.win32.x86_64_15.0.2.v20210201-0955\jre\bin\server

VM Arguments:
jvm_args: -Dfile.encoding=Cp1252 --module-path=E:\Downloads\mysql-connector-java-8.0.23\mysql-connector-java-8.0.23.jar -XX:+ShowCodeDetailsInExceptionMessages 
java_command: com.latihansql.main
java_class_path (initial): D:\JuaraCoding_Batch 8\JavaSQL-JDBC\bin
Launcher Type: SUN_STANDARD

[Global flags]
     intx CICompilerCount                          = 3                                         {product} {ergonomic}
     uint ConcGCThreads                            = 1                                         {product} {ergonomic}
     uint G1ConcRefinementThreads                  = 4                                         {product} {ergonomic}
   size_t G1HeapRegionSize                         = 1048576                                   {product} {ergonomic}
    uintx GCDrainStackTargetSize                   = 64                                        {product} {ergonomic}
   size_t InitialHeapSize                          = 132120576                                 {product} {ergonomic}
   size_t MarkStackSize                            = 4194304                                   {product} {ergonomic}
   size_t MaxHeapSize                              = 2113929216                                {product} {ergonomic}
   size_t MaxNewSize                               = 1267728384                                {product} {ergonomic}
   size_t MinHeapDeltaBytes                        = 1048576                                   {product} {ergonomic}
   size_t MinHeapSize                              = 8388608                                   {product} {ergonomic}
    uintx NonNMethodCodeHeapSize                   = 5832780                                {pd product} {ergonomic}
    uintx NonProfiledCodeHeapSize                  = 122912730                              {pd product} {ergonomic}
    uintx ProfiledCodeHeapSize                     = 122912730                              {pd product} {ergonomic}
    uintx ReservedCodeCacheSize                    = 251658240                              {pd product} {ergonomic}
     bool SegmentedCodeCache                       = true                                      {product} {ergonomic}
     bool ShowCodeDetailsInExceptionMessages       = true                                   {manageable} {command line}
   size_t SoftMaxHeapSize                          = 2113929216                             {manageable} {ergonomic}
     bool UseCompressedClassPointers               = true                                 {lp64_product} {ergonomic}
     bool UseCompressedOops                        = true                                 {lp64_product} {ergonomic}
     bool UseG1GC                                  = true                                      {product} {ergonomic}
     bool UseLargePagesIndividualAllocation        = false                                  {pd product} {ergonomic}

Logging:
Log output configuration:
 #0: stdout all=warning uptime,level,tags
 #1: stderr all=off uptime,level,tags

Environment Variables:
JAVA_HOME=E:\jdk1.8.0_121
PATH=E:/Downloads/eclipse//plugins/org.eclipse.justj.openjdk.hotspot.jre.full.win32.x86_64_15.0.2.v20210201-0955/jre/bin/server;E:/Downloads/eclipse//plugins/org.eclipse.justj.openjdk.hotspot.jre.full.win32.x86_64_15.0.2.v20210201-0955/jre/bin;C:\Program Files\Common Files\Oracle\Java\javapath;E:\Python\Scripts\;E:\Python\;E:\jdk1.8.0_121\bin;C:\Windows\system32;C:\Windows;C:\Windows\System32\Wbem;C:\Windows\System32\WindowsPowerShell\v1.0\;C:\Windows\System32\OpenSSH\;C:\Program Files (x86)\NVIDIA Corporation\PhysX\Common;C:\Program Files\PuTTY\;C:\Program Files\dotnet\;C:\xampp\php;C:\ProgramData\ComposerSetup\bin;C:\Program Files\Git\cmd;C:\ProgramData\chocolatey\bin;C:\Program Files\nodejs\;C:\Users\Jouzu\AppData\Local\Android\Sdk\platform-tools;;C:\WINDOWS\system32;C:\WINDOWS;C:\WINDOWS\System32\Wbem;C:\WINDOWS\System32\WindowsPowerShell\v1.0\;C:\WINDOWS\System32\OpenSSH\;C:\Program Files\nodejs;C:\Users\Jouzu\AppData\Roaming\npm;C:\Program Files\Java\jdk-13.0.2\bin;D:\Microsoft VS Code\bin;E:\Hugo\bin;E:\PyCharm\PyCharm Community Edition 2020.3.3\bin;;;C:\Users\Jouzu\AppData\Local\Microsoft\WindowsApps;E:\Downloads\eclipse;
USERNAME=Jouzu
OS=Windows_NT
PROCESSOR_IDENTIFIER=Intel64 Family 6 Model 142 Stepping 9, GenuineIntel



---------------  S Y S T E M  ---------------

OS:
 Windows 10 , 64 bit Build 19041 (10.0.19041.804)
OS uptime: 10 days 21:33 hours

CPU: total 4 (initial active 4) (2 cores per cpu, 2 threads per core) family 6 model 142 stepping 9 microcode 0xb4, cmov, cx8, fxsr, mmx, sse, sse2, sse3, ssse3, sse4.1, sse4.2, popcnt, vzeroupper, avx, avx2, aes, clmul, erms, 3dnowpref, lzcnt, ht, tsc, tscinvbit, bmi1, bmi2, adx, fma, clflush, clflushopt

Memory: 4k page, system-wide physical 8060M (1096M free)
TotalPageFile size 18553M (AvailPageFile size 1M)
current process WorkingSet (physical memory assigned to process): 69M, peak: 69M
current process commit charge ("private bytes"): 209M, peak: 210M

vm_info: OpenJDK 64-Bit Server VM (15.0.2+7-27) for windows-amd64 JRE (15.0.2+7-27), built on Dec  7 2020 20:02:38 by "mach5one" with unknown MS VC++:1925

END.
